j_asn (False, '"Keyword \'APERTURE\' not found."')
j_crj (True, 'HRC')
j_drz (True, 'HRC')
j_flt (True, 'HRC')
j_flt_hlet (False, '"Keyword \'APERTURE\' not found."')
j_jif (False, '"Keyword \'APERTURE\' not found."')
j_jit (False, '"Keyword \'APERTURE\' not found."')
j_raw (True, 'HRC')
j_spt (False, '"Keyword \'APERTURE\' not found."')
j_trl (False, '"Keyword \'APERTURE\' not found."')
u_c0m (False, '"Keyword \'APERTURE\' not found."')
u_c1m (False, '"Keyword \'APERTURE\' not found."')
u_c3m (False, '"Keyword \'APERTURE\' not found."')
u_cmh (False, 'Bad FITS file')
u_cmi (False, '"Keyword \'APERTURE\' not found."')
u_cmi (False, 'Bad FITS file')
u_cmj (False, '"Keyword \'APERTURE\' not found."')
u_cmj (False, 'Bad FITS file')
u_d0m (False, '"Keyword \'APERTURE\' not found."')
u_drz (False, '"Keyword \'APERTURE\' not found."')
u_jif (False, '"Keyword \'APERTURE\' not found."')
u_jit (False, '"Keyword \'APERTURE\' not found."')
u_q0m (False, '"Keyword \'APERTURE\' not found."')
u_q1m (False, '"Keyword \'APERTURE\' not found."')
u_shm (False, '"Keyword \'APERTURE\' not found."')
u_trl (False, '"Keyword \'APERTURE\' not found."')
u_x0m (False, '"Keyword \'APERTURE\' not found."')
