j_asn (False, 'Keywords MODE and OBSMODE not found.')
j_crj (True, 'ACCUM')
j_drz (True, 'ACCUM')
j_flt (True, 'ACCUM')
j_flt_hlet (False, 'Keywords MODE and OBSMODE not found.')
j_jif (False, 'Keywords MODE and OBSMODE not found.')
j_jit (False, 'Keywords MODE and OBSMODE not found.')
j_raw (True, 'ACCUM')
j_spt (False, 'Keywords MODE and OBSMODE not found.')
j_trl (False, 'Keywords MODE and OBSMODE not found.')
u_c0m (True, 'FULL')
u_c1m (True, 'FULL')
u_c3m (False, 'Keywords MODE and OBSMODE not found.')
u_cmi (False, 'Keywords MODE and OBSMODE not found.')
u_cmj (False, 'Keywords MODE and OBSMODE not found.')
u_d0m (True, 'FULL')
u_drz (True, 'FULL')
u_jif (False, 'Keywords MODE and OBSMODE not found.')
u_jit (False, 'Keywords MODE and OBSMODE not found.')
u_q0m (True, 'FULL')
u_q1m (True, 'FULL')
u_shm (False, 'Keywords MODE and OBSMODE not found.')
u_trl (False, 'Keywords MODE and OBSMODE not found.')
u_x0m (True, 'FULL')
