j_asn (False, '"Keyword \'FGSLOCK\' not found."')
j_crj (True, 'FINE')
j_drz (True, 'FINE')
j_flt (True, 'FINE')
j_flt_hlet (False, '"Keyword \'FGSLOCK\' not found."')
j_jif (False, '"Keyword \'FGSLOCK\' not found."')
j_jit (False, '"Keyword \'FGSLOCK\' not found."')
j_raw (True, 'FINE')
j_spt (False, '"Keyword \'FGSLOCK\' not found."')
j_trl (False, '"Keyword \'FGSLOCK\' not found."')
u_c0m (True, 'FINE')
u_c1m (True, 'FINE')
u_c3m (False, '"Keyword \'FGSLOCK\' not found."')
u_cmi (False, '"Keyword \'FGSLOCK\' not found."')
u_cmj (False, '"Keyword \'FGSLOCK\' not found."')
u_d0m (True, 'FINE')
u_drz (True, 'FINE')
u_jif (False, '"Keyword \'FGSLOCK\' not found."')
u_jit (False, '"Keyword \'FGSLOCK\' not found."')
u_q0m (True, 'FINE')
u_q1m (False, '"Keyword \'FGSLOCK\' not found."')
u_shm (False, '"Keyword \'FGSLOCK\' not found."')
u_trl (False, '"Keyword \'FGSLOCK\' not found."')
u_x0m (False, '"Keyword \'FGSLOCK\' not found."')
