j_asn (True, 'Margot, Jean-Luc ')
j_asn (True, 'Merline, William J.')
j_crj (True, 'Margot, Jean-Luc ')
j_crj (True, 'Merline, William J.')
j_drz (False, '"Keyword \'PR_INV_L\' not found."')
j_flt (True, 'Margot, Jean-Luc ')
j_flt (True, 'Merline, William J.')
j_flt_hlet (False, '"Keyword \'PR_INV_L\' not found."')
j_jif (False, '"Keyword \'PR_INV_L\' not found."')
j_jit (False, '"Keyword \'PR_INV_L\' not found."')
j_raw (True, 'Margot, Jean-Luc ')
j_raw (True, 'Merline, William J.')
j_spt (True, 'Margot, Jean-Luc ')
j_spt (True, 'Merline, William J.')
j_trl (False, '"Keyword \'PR_INV_L\' not found."')
u_c0m (False, '"Keyword \'PR_INV_L\' not found."')
u_c1m (False, '"Keyword \'PR_INV_L\' not found."')
u_c3m (False, '"Keyword \'PR_INV_L\' not found."')
u_cmh (False, 'Bad FITS file')
u_cmi (False, '"Keyword \'PR_INV_L\' not found."')
u_cmi (False, 'Bad FITS file')
u_cmj (False, '"Keyword \'PR_INV_L\' not found."')
u_cmj (False, 'Bad FITS file')
u_d0m (False, '"Keyword \'PR_INV_L\' not found."')
u_drz (False, '"Keyword \'PR_INV_L\' not found."')
u_jif (False, '"Keyword \'PR_INV_L\' not found."')
u_jit (False, '"Keyword \'PR_INV_L\' not found."')
u_q0m (False, '"Keyword \'PR_INV_L\' not found."')
u_q1m (False, '"Keyword \'PR_INV_L\' not found."')
u_shm (True, 'Meech, Karen J.')
u_shm (True, 'Rages, Kathy ')
u_trl (False, '"Keyword \'PR_INV_L\' not found."')
u_x0m (False, '"Keyword \'PR_INV_L\' not found."')
