j_asn (True, 0)
j_crj (True, 0)
j_drz (True, 0)
j_flt (True, 0)
j_flt_hlet (False, '"Keyword \'PROPOSID\' not found."')
j_jif (True, 0)
j_jit (True, 0)
j_raw (True, 0)
j_spt (True, 0)
j_trl (False, '"Keyword \'PROPOSID\' not found."')
u_c0m (True, 0)
u_c1m (True, 0)
u_c3m (False, '"Keyword \'PROPOSID\' not found."')
u_cmi (False, '"Keyword \'PROPOSID\' not found."')
u_cmj (False, '"Keyword \'PROPOSID\' not found."')
u_d0m (True, 0)
u_drz (True, 0)
u_jif (True, 0)
u_jit (True, 0)
u_q0m (True, 0)
u_q1m (True, 0)
u_shm (True, 0)
u_trl (False, '"Keyword \'PROPOSID\' not found."')
u_x0m (True, 0)
