j_asn (True, 'xxx')
j_crj (True, 'xxx')
j_drz (True, 'xxx')
j_flt (True, 'xxx')
j_flt_hlet (False, '"Keyword \'TARGNAME\' not found."')
j_jif (True, 'xxx')
j_jit (True, 'xxx')
j_raw (True, 'xxx')
j_spt (True, 'xxx')
j_trl (False, '"Keyword \'TARGNAME\' not found."')
u_c0m (True, 'xxx')
u_c1m (True, 'xxx')
u_c3m (False, '"Keyword \'TARGNAME\' not found."')
u_cmi (False, '"Keyword \'TARGNAME\' not found."')
u_cmj (False, '"Keyword \'TARGNAME\' not found."')
u_d0m (True, 'xxx')
u_drz (True, 'xxx')
u_jif (True, 'xxx')
u_jit (True, 'xxx')
u_q0m (True, 'xxx')
u_q1m (True, 'xxx')
u_shm (True, 'xxx')
u_trl (False, '"Keyword \'TARGNAME\' not found."')
u_x0m (True, 'xxx')
